<?xml version="1.0"?>
<coverage generated="1776890280">
  <project timestamp="1776890280">
    <metrics packages="0" files="9" loc="825" ncloc="646" classes="9" methods="60" coveredmethods="59" statements="229" coveredstatements="228" elements="289" coveredelements="287" conditionals="0" coveredconditionals="0"/>
    <file name="C:\www\github\nettegmap\src\BaseNetteGMap.php">
      <metrics loc="238" ncloc="163" classes="1" methods="13" coveredmethods="12" statements="61" coveredstatements="60" elements="74" coveredelements="72" conditionals="0" coveredconditionals="0"/>
      <class name="BaseNetteGMap">
        <metrics methods="13" coveredmethods="12" statements="61" coveredstatements="60" conditionals="0" coveredconditionals="0" elements="74" coveredelements="72"/>
      </class>
      <line num="72" type="stmt" count="1"/>
      <line num="76" type="stmt" count="1"/>
      <line num="77" type="stmt" count="1"/>
      <line num="79" type="stmt" count="1"/>
      <line num="80" type="stmt" count="1"/>
      <line num="74" type="stmt" count="1"/>
      <line num="83" type="stmt" count="1"/>
      <line num="84" type="stmt" count="1"/>
      <line num="87" type="stmt" count="1"/>
      <line num="89" type="stmt" count="1"/>
      <line num="90" type="stmt" count="1"/>
      <line num="88" type="stmt" count="1"/>
      <line num="94" type="stmt" count="1"/>
      <line num="95" type="stmt" count="1"/>
      <line num="99" type="stmt" count="1"/>
      <line num="100" type="stmt" count="1"/>
      <line num="103" type="stmt" count="1"/>
      <line num="104" type="stmt" count="1"/>
      <line num="107" type="stmt" count="1"/>
      <line num="117" type="stmt" count="1"/>
      <line num="127" type="stmt" count="1"/>
      <line num="139" type="stmt" count="1"/>
      <line num="140" type="stmt" count="1"/>
      <line num="152" type="stmt" count="1"/>
      <line num="153" type="stmt" count="1"/>
      <line num="159" type="stmt" count="1"/>
      <line num="170" type="stmt" count="1"/>
      <line num="171" type="stmt" count="1"/>
      <line num="177" type="stmt" count="1"/>
      <line num="187" type="stmt" count="1"/>
      <line num="188" type="stmt" count="1"/>
      <line num="198" type="stmt" count="1"/>
      <line num="199" type="stmt" count="1"/>
      <line num="208" type="stmt" count="1"/>
      <line num="209" type="stmt" count="1"/>
      <line num="220" type="stmt" count="1"/>
      <line num="222" type="stmt" count="1"/>
      <line num="223" type="stmt" count="1"/>
      <line num="225" type="stmt" count="1"/>
      <line num="227" type="stmt" count="1"/>
      <line num="228" type="stmt" count="1"/>
      <line num="230" type="stmt" count="1"/>
      <line num="231" type="stmt" count="1"/>
      <line num="233" type="stmt" count="1"/>
      <line num="235" type="stmt" count="0"/>
      <line num="58" type="stmt" count="1"/>
      <line num="61" type="stmt" count="1"/>
      <line num="62" type="stmt" count="1"/>
      <line num="239" type="stmt" count="1"/>
      <line num="56" type="stmt" count="1"/>
      <line num="64" type="stmt" count="1"/>
      <line num="168" type="stmt" count="1"/>
      <line num="137" type="stmt" count="1"/>
      <line num="218" type="stmt" count="1"/>
      <line num="150" type="stmt" count="1"/>
      <line num="196" type="stmt" count="1"/>
      <line num="206" type="stmt" count="1"/>
      <line num="185" type="stmt" count="1"/>
      <line num="125" type="stmt" count="1"/>
      <line num="128" type="stmt" count="1"/>
      <line num="115" type="stmt" count="1"/>
      <line num="118" type="stmt" count="1"/>
    </file>
    <file name="C:\www\github\nettegmap\src\GMapUtils.php">
      <metrics loc="75" ncloc="58" classes="1" methods="3" coveredmethods="3" statements="28" coveredstatements="28" elements="31" coveredelements="31" conditionals="0" coveredconditionals="0"/>
      <class name="GMapUtils">
        <metrics methods="3" coveredmethods="3" statements="28" coveredstatements="28" conditionals="0" coveredconditionals="0" elements="31" coveredelements="31"/>
      </class>
      <line num="18" type="stmt" count="1"/>
      <line num="19" type="stmt" count="1"/>
      <line num="21" type="stmt" count="1"/>
      <line num="22" type="stmt" count="1"/>
      <line num="24" type="stmt" count="1"/>
      <line num="25" type="stmt" count="1"/>
      <line num="26" type="stmt" count="1"/>
      <line num="27" type="stmt" count="1"/>
      <line num="30" type="stmt" count="1"/>
      <line num="31" type="stmt" count="1"/>
      <line num="33" type="stmt" count="1"/>
      <line num="45" type="stmt" count="1"/>
      <line num="46" type="stmt" count="1"/>
      <line num="47" type="stmt" count="1"/>
      <line num="49" type="stmt" count="1"/>
      <line num="50" type="stmt" count="1"/>
      <line num="52" type="stmt" count="1"/>
      <line num="53" type="stmt" count="1"/>
      <line num="54" type="stmt" count="1"/>
      <line num="55" type="stmt" count="1"/>
      <line num="58" type="stmt" count="1"/>
      <line num="68" type="stmt" count="1"/>
      <line num="69" type="stmt" count="1"/>
      <line num="70" type="stmt" count="1"/>
      <line num="73" type="stmt" count="1"/>
      <line num="76" type="stmt" count="1"/>
      <line num="16" type="stmt" count="1"/>
      <line num="0" type="stmt" count="1"/>
      <line num="43" type="stmt" count="1"/>
      <line num="66" type="stmt" count="1"/>
    </file>
    <file name="C:\www\github\nettegmap\src\GpsPoint.php">
      <metrics loc="74" ncloc="58" classes="1" methods="6" coveredmethods="6" statements="15" coveredstatements="15" elements="21" coveredelements="21" conditionals="0" coveredconditionals="0"/>
      <class name="GpsPoint">
        <metrics methods="6" coveredmethods="6" statements="15" coveredstatements="15" conditionals="0" coveredconditionals="0" elements="21" coveredelements="21"/>
      </class>
      <line num="27" type="stmt" count="1"/>
      <line num="28" type="stmt" count="1"/>
      <line num="34" type="stmt" count="1"/>
      <line num="40" type="stmt" count="1"/>
      <line num="49" type="stmt" count="1"/>
      <line num="50" type="stmt" count="1"/>
      <line num="52" type="stmt" count="1"/>
      <line num="59" type="stmt" count="1"/>
      <line num="68" type="stmt" count="1"/>
      <line num="69" type="stmt" count="1"/>
      <line num="71" type="stmt" count="1"/>
      <line num="75" type="stmt" count="1"/>
      <line num="54" type="stmt" count="1"/>
      <line num="32" type="stmt" count="1"/>
      <line num="73" type="stmt" count="1"/>
      <line num="29" type="stmt" count="1"/>
    </file>
    <file name="C:\www\github\nettegmap\src\Marker.php">
      <metrics loc="115" ncloc="101" classes="1" methods="12" coveredmethods="12" statements="30" coveredstatements="30" elements="42" coveredelements="42" conditionals="0" coveredconditionals="0"/>
      <class name="Marker">
        <metrics methods="12" coveredmethods="12" statements="30" coveredstatements="30" conditionals="0" coveredconditionals="0" elements="42" coveredelements="42"/>
      </class>
      <line num="37" type="stmt" count="1"/>
      <line num="38" type="stmt" count="1"/>
      <line num="39" type="stmt" count="1"/>
      <line num="40" type="stmt" count="1"/>
      <line num="46" type="stmt" count="1"/>
      <line num="52" type="stmt" count="1"/>
      <line num="58" type="stmt" count="1"/>
      <line num="64" type="stmt" count="1"/>
      <line num="70" type="stmt" count="1"/>
      <line num="76" type="stmt" count="1"/>
      <line num="82" type="stmt" count="1"/>
      <line num="88" type="stmt" count="1"/>
      <line num="94" type="stmt" count="1"/>
      <line num="100" type="stmt" count="1"/>
      <line num="109" type="stmt" count="1"/>
      <line num="110" type="stmt" count="1"/>
      <line num="111" type="stmt" count="1"/>
      <line num="113" type="stmt" count="1"/>
      <line num="116" type="stmt" count="1"/>
      <line num="30" type="stmt" count="1"/>
      <line num="74" type="stmt" count="1"/>
      <line num="77" type="stmt" count="1"/>
      <line num="80" type="stmt" count="1"/>
      <line num="83" type="stmt" count="1"/>
      <line num="98" type="stmt" count="1"/>
      <line num="101" type="stmt" count="1"/>
      <line num="41" type="stmt" count="1"/>
      <line num="86" type="stmt" count="1"/>
      <line num="89" type="stmt" count="1"/>
      <line num="92" type="stmt" count="1"/>
      <line num="95" type="stmt" count="1"/>
    </file>
    <file name="C:\www\github\nettegmap\src\NetteGMapLayer.php">
      <metrics loc="89" ncloc="71" classes="1" methods="8" coveredmethods="8" statements="25" coveredstatements="25" elements="33" coveredelements="33" conditionals="0" coveredconditionals="0"/>
      <class name="NetteGMapLayer">
        <metrics methods="8" coveredmethods="8" statements="25" coveredstatements="25" conditionals="0" coveredconditionals="0" elements="33" coveredelements="33"/>
      </class>
      <line num="34" type="stmt" count="1"/>
      <line num="40" type="stmt" count="1"/>
      <line num="42" type="stmt" count="1"/>
      <line num="44" type="stmt" count="1"/>
      <line num="45" type="stmt" count="1"/>
      <line num="46" type="stmt" count="1"/>
      <line num="43" type="stmt" count="1"/>
      <line num="49" type="stmt" count="1"/>
      <line num="50" type="stmt" count="1"/>
      <line num="51" type="stmt" count="1"/>
      <line num="57" type="stmt" count="1"/>
      <line num="63" type="stmt" count="1"/>
      <line num="69" type="stmt" count="1"/>
      <line num="75" type="stmt" count="1"/>
      <line num="81" type="stmt" count="1"/>
      <line num="87" type="stmt" count="1"/>
      <line num="90" type="stmt" count="1"/>
      <line num="32" type="stmt" count="1"/>
      <line num="35" type="stmt" count="1"/>
      <line num="61" type="stmt" count="1"/>
      <line num="64" type="stmt" count="1"/>
      <line num="73" type="stmt" count="1"/>
      <line num="76" type="stmt" count="1"/>
      <line num="85" type="stmt" count="1"/>
      <line num="88" type="stmt" count="1"/>
      <line num="52" type="stmt" count="1"/>
    </file>
    <file name="C:\www\github\nettegmap\src\NetteGMapPicker.php">
      <metrics loc="119" ncloc="97" classes="1" methods="7" coveredmethods="7" statements="42" coveredstatements="42" elements="49" coveredelements="49" conditionals="0" coveredconditionals="0"/>
      <class namespace="Nette\Forms" name="NetteGMapPicker">
        <metrics methods="7" coveredmethods="7" statements="42" coveredstatements="42" conditionals="0" coveredconditionals="0" elements="49" coveredelements="49"/>
      </class>
      <line num="29" type="stmt" count="1"/>
      <line num="33" type="stmt" count="1"/>
      <line num="39" type="stmt" count="1"/>
      <line num="40" type="stmt" count="1"/>
      <line num="41" type="stmt" count="1"/>
      <line num="42" type="stmt" count="1"/>
      <line num="49" type="stmt" count="1"/>
      <line num="50" type="stmt" count="1"/>
      <line num="56" type="stmt" count="1"/>
      <line num="57" type="stmt" count="1"/>
      <line num="59" type="stmt" count="1"/>
      <line num="60" type="stmt" count="1"/>
      <line num="61" type="stmt" count="1"/>
      <line num="62" type="stmt" count="1"/>
      <line num="63" type="stmt" count="1"/>
      <line num="65" type="stmt" count="1"/>
      <line num="67" type="stmt" count="1"/>
      <line num="68" type="stmt" count="1"/>
      <line num="71" type="stmt" count="1"/>
      <line num="72" type="stmt" count="1"/>
      <line num="74" type="stmt" count="1"/>
      <line num="84" type="stmt" count="1"/>
      <line num="85" type="stmt" count="1"/>
      <line num="86" type="stmt" count="1"/>
      <line num="87" type="stmt" count="1"/>
      <line num="88" type="stmt" count="1"/>
      <line num="89" type="stmt" count="1"/>
      <line num="92" type="stmt" count="1"/>
      <line num="104" type="stmt" count="1"/>
      <line num="105" type="stmt" count="1"/>
      <line num="107" type="stmt" count="1"/>
      <line num="117" type="stmt" count="1"/>
      <line num="120" type="stmt" count="1"/>
      <line num="34" type="stmt" count="1"/>
      <line num="30" type="stmt" count="1"/>
      <line num="37" type="stmt" count="1"/>
      <line num="44" type="stmt" count="1"/>
      <line num="31" type="stmt" count="1"/>
      <line num="32" type="stmt" count="1"/>
      <line num="0" type="stmt" count="1"/>
      <line num="102" type="stmt" count="1"/>
      <line num="82" type="stmt" count="1"/>
      <line num="51" type="stmt" count="1"/>
      <line num="118" type="stmt" count="1"/>
    </file>
    <file name="C:\www\github\nettegmap\src\NetteGMapViewer.php">
      <metrics loc="26" ncloc="20" classes="1" methods="2" coveredmethods="2" statements="8" coveredstatements="8" elements="10" coveredelements="10" conditionals="0" coveredconditionals="0"/>
      <class name="NetteGMapViewer">
        <metrics methods="2" coveredmethods="2" statements="8" coveredstatements="8" conditionals="0" coveredconditionals="0" elements="10" coveredelements="10"/>
      </class>
      <line num="15" type="stmt" count="1"/>
      <line num="21" type="stmt" count="1"/>
      <line num="22" type="stmt" count="1"/>
      <line num="23" type="stmt" count="1"/>
      <line num="24" type="stmt" count="1"/>
      <line num="27" type="stmt" count="1"/>
      <line num="13" type="stmt" count="1"/>
      <line num="16" type="stmt" count="1"/>
      <line num="25" type="stmt" count="1"/>
    </file>
    <file name="C:\www\github\nettegmap\src\PolyLine.php">
      <metrics loc="30" ncloc="22" classes="1" methods="2" coveredmethods="2" statements="5" coveredstatements="5" elements="7" coveredelements="7" conditionals="0" coveredconditionals="0"/>
      <class name="PolyLine">
        <metrics methods="2" coveredmethods="2" statements="5" coveredstatements="5" conditionals="0" coveredconditionals="0" elements="7" coveredelements="7"/>
      </class>
      <line num="18" type="stmt" count="1"/>
      <line num="19" type="stmt" count="1"/>
      <line num="28" type="stmt" count="1"/>
      <line num="31" type="stmt" count="1"/>
      <line num="16" type="stmt" count="1"/>
      <line num="20" type="stmt" count="1"/>
    </file>
    <file name="C:\www\github\nettegmap\src\Stroke.php">
      <metrics loc="59" ncloc="56" classes="1" methods="7" coveredmethods="7" statements="15" coveredstatements="15" elements="22" coveredelements="22" conditionals="0" coveredconditionals="0"/>
      <class name="Stroke">
        <metrics methods="7" coveredmethods="7" statements="15" coveredstatements="15" conditionals="0" coveredconditionals="0" elements="22" coveredelements="22"/>
      </class>
      <line num="18" type="stmt" count="1"/>
      <line num="19" type="stmt" count="1"/>
      <line num="20" type="stmt" count="1"/>
      <line num="27" type="stmt" count="1"/>
      <line num="33" type="stmt" count="1"/>
      <line num="39" type="stmt" count="1"/>
      <line num="45" type="stmt" count="1"/>
      <line num="51" type="stmt" count="1"/>
      <line num="57" type="stmt" count="1"/>
      <line num="60" type="stmt" count="1"/>
      <line num="31" type="stmt" count="1"/>
      <line num="34" type="stmt" count="1"/>
      <line num="43" type="stmt" count="1"/>
      <line num="46" type="stmt" count="1"/>
      <line num="55" type="stmt" count="1"/>
      <line num="58" type="stmt" count="1"/>
    </file>
  </project>
</coverage>
